<?xml version="1.0" encoding="UTF-8"?>
<!-- Generated by org.testng.reporters.JUnitReportReporter -->
<testsuite hostname="WIN7-PC" name="Practice.Day3.DesiredCapbility" tests="1" failures="0" timestamp="3 Jan 2019 15:47:56 GMT" time="28.392" errors="0">
  <testcase name="Tets_SSL_Certificate" time="28.392" classname="Practice.Day3.DesiredCapbility"/>
</testsuite> <!-- Practice.Day3.DesiredCapbility -->
