<?xml version="1.0" encoding="UTF-8"?>
<!-- Generated by org.testng.reporters.JUnitReportReporter -->
<testsuite hostname="WIN7-PC" name="Practice.Day3.BrokenLinks" tests="1" failures="0" timestamp="3 Jan 2019 16:19:17 GMT" time="110.693" errors="0">
  <testcase name="Broken_links" time="110.693" classname="Practice.Day3.BrokenLinks"/>
</testsuite> <!-- Practice.Day3.BrokenLinks -->
